<?xml version="1.0" encoding="UTF-8"?>
<testng-results ignored="0" total="1" passed="1" failed="0" skipped="0">
  <reporter-output>
  </reporter-output>
  <suite started-at="2023-06-01T20:31:33 IST" name="Default suite" finished-at="2023-06-01T20:31:34 IST" duration-ms="1531">
    <groups>
    </groups>
    <test started-at="2023-06-01T20:31:33 IST" name="Default test" finished-at="2023-06-01T20:31:34 IST" duration-ms="1531">
      <class name="com.ems.non_bdd.Get_SingleEmployee">
        <test-method signature="Get_singleEMp()[pri:0, instance:com.ems.non_bdd.Get_SingleEmployee@11bd0f3b]" started-at="2023-06-01T20:31:33 IST" name="Get_singleEMp" finished-at="2023-06-01T20:31:34 IST" duration-ms="1488" status="PASS">
          <reporter-output>
          </reporter-output>
        </test-method> <!-- Get_singleEMp -->
      </class> <!-- com.ems.non_bdd.Get_SingleEmployee -->
    </test> <!-- Default test -->
  </suite> <!-- Default suite -->
</testng-results>
